{"level":"info","message":"20:function getMinutes() { [native code] } - 3:0:2022 | Info: Web Server has been started"}
{"level":"info","message":"20:function getMinutes() { [native code] } - 3:0:2022 | Info: Command Loaded: bassboost"}
{"level":"info","message":"20:function getMinutes() { [native code] } - 3:0:2022 | Info: Command Loaded: bump"}
{"level":"info","message":"20:function getMinutes() { [native code] } - 3:0:2022 | Info: Command Loaded: clear"}
{"level":"info","message":"20:function getMinutes() { [native code] } - 3:0:2022 | Info: Command Loaded: config"}
{"level":"info","message":"20:function getMinutes() { [native code] } - 3:0:2022 | Info: Command Loaded: disconnect"}
{"level":"info","message":"20:function getMinutes() { [native code] } - 3:0:2022 | Info: Command Loaded: grab"}
{"level":"info","message":"20:function getMinutes() { [native code] } - 3:0:2022 | Info: Command Loaded: help"}
{"level":"info","message":"20:function getMinutes() { [native code] } - 3:0:2022 | Info: Command Loaded: invite"}
{"level":"info","message":"20:function getMinutes() { [native code] } - 3:0:2022 | Info: Command Loaded: loop"}
{"level":"info","message":"20:function getMinutes() { [native code] } - 3:0:2022 | Info: Command Loaded: loopqueue"}
{"level":"info","message":"20:function getMinutes() { [native code] } - 3:0:2022 | Info: Command Loaded: lyrics"}
{"level":"info","message":"20:function getMinutes() { [native code] } - 3:0:2022 | Info: Command Loaded: move"}
{"level":"info","message":"20:function getMinutes() { [native code] } - 3:0:2022 | Info: Command Loaded: nowplaying"}
{"level":"info","message":"20:function getMinutes() { [native code] } - 3:0:2022 | Info: Command Loaded: pause"}
{"level":"info","message":"20:function getMinutes() { [native code] } - 3:0:2022 | Info: Command Loaded: play"}
{"level":"info","message":"20:function getMinutes() { [native code] } - 3:0:2022 | Info: Command Loaded: queue"}
{"level":"info","message":"20:function getMinutes() { [native code] } - 3:0:2022 | Info: Command Loaded: remove"}
{"level":"info","message":"20:function getMinutes() { [native code] } - 3:0:2022 | Info: Command Loaded: resume"}
{"level":"info","message":"20:function getMinutes() { [native code] } - 3:0:2022 | Info: Command Loaded: search"}
{"level":"info","message":"20:function getMinutes() { [native code] } - 3:0:2022 | Info: Command Loaded: seek"}
{"level":"info","message":"20:function getMinutes() { [native code] } - 3:0:2022 | Info: Command Loaded: shuffle"}
{"level":"info","message":"20:function getMinutes() { [native code] } - 3:0:2022 | Info: Command Loaded: skip"}
{"level":"info","message":"20:function getMinutes() { [native code] } - 3:0:2022 | Info: Command Loaded: skipto"}
{"level":"info","message":"20:function getMinutes() { [native code] } - 3:0:2022 | Info: Command Loaded: stats"}
{"level":"info","message":"20:function getMinutes() { [native code] } - 3:0:2022 | Info: Command Loaded: volume"}
{"level":"info","message":"20:function getMinutes() { [native code] } - 3:0:2022 | Info: Command Loaded: youtube"}
{"level":"info","message":"20:function getMinutes() { [native code] } - 3:0:2022 | Info: Event Loaded: guildCreate"}
{"level":"info","message":"20:function getMinutes() { [native code] } - 3:0:2022 | Info: Event Loaded: message"}
{"level":"info","message":"20:function getMinutes() { [native code] } - 3:0:2022 | Info: Event Loaded: raw"}
{"level":"info","message":"20:function getMinutes() { [native code] } - 3:0:2022 | Info: Event Loaded: ready"}
{"level":"info","message":"20:function getMinutes() { [native code] } - 3:0:2022 | Info: Event Loaded: voiceStateUpdate"}
{"level":"info","message":"20:function getMinutes() { [native code] } - 3:0:2022 | Info: Web Server has been started"}
{"level":"info","message":"20:function getMinutes() { [native code] } - 3:0:2022 | Info: Command Loaded: bassboost"}
{"level":"info","message":"20:function getMinutes() { [native code] } - 3:0:2022 | Info: Command Loaded: bump"}
{"level":"info","message":"20:function getMinutes() { [native code] } - 3:0:2022 | Info: Command Loaded: clear"}
{"level":"info","message":"20:function getMinutes() { [native code] } - 3:0:2022 | Info: Command Loaded: config"}
{"level":"info","message":"20:function getMinutes() { [native code] } - 3:0:2022 | Info: Command Loaded: disconnect"}
{"level":"info","message":"20:function getMinutes() { [native code] } - 3:0:2022 | Info: Command Loaded: grab"}
{"level":"info","message":"20:function getMinutes() { [native code] } - 3:0:2022 | Info: Command Loaded: help"}
{"level":"info","message":"20:function getMinutes() { [native code] } - 3:0:2022 | Info: Command Loaded: invite"}
{"level":"info","message":"20:function getMinutes() { [native code] } - 3:0:2022 | Info: Command Loaded: loop"}
{"level":"info","message":"20:function getMinutes() { [native code] } - 3:0:2022 | Info: Command Loaded: loopqueue"}
{"level":"info","message":"20:function getMinutes() { [native code] } - 3:0:2022 | Info: Command Loaded: lyrics"}
{"level":"info","message":"20:function getMinutes() { [native code] } - 3:0:2022 | Info: Command Loaded: move"}
{"level":"info","message":"20:function getMinutes() { [native code] } - 3:0:2022 | Info: Command Loaded: nowplaying"}
{"level":"info","message":"20:function getMinutes() { [native code] } - 3:0:2022 | Info: Command Loaded: pause"}
{"level":"info","message":"20:function getMinutes() { [native code] } - 3:0:2022 | Info: Command Loaded: play"}
{"level":"info","message":"20:function getMinutes() { [native code] } - 3:0:2022 | Info: Command Loaded: queue"}
{"level":"info","message":"20:function getMinutes() { [native code] } - 3:0:2022 | Info: Command Loaded: remove"}
{"level":"info","message":"20:function getMinutes() { [native code] } - 3:0:2022 | Info: Command Loaded: resume"}
{"level":"info","message":"20:function getMinutes() { [native code] } - 3:0:2022 | Info: Command Loaded: search"}
{"level":"info","message":"20:function getMinutes() { [native code] } - 3:0:2022 | Info: Command Loaded: seek"}
{"level":"info","message":"20:function getMinutes() { [native code] } - 3:0:2022 | Info: Command Loaded: shuffle"}
{"level":"info","message":"20:function getMinutes() { [native code] } - 3:0:2022 | Info: Command Loaded: skip"}
{"level":"info","message":"20:function getMinutes() { [native code] } - 3:0:2022 | Info: Command Loaded: skipto"}
{"level":"info","message":"20:function getMinutes() { [native code] } - 3:0:2022 | Info: Command Loaded: stats"}
{"level":"info","message":"20:function getMinutes() { [native code] } - 3:0:2022 | Info: Command Loaded: volume"}
{"level":"info","message":"20:function getMinutes() { [native code] } - 3:0:2022 | Info: Command Loaded: youtube"}
{"level":"info","message":"20:function getMinutes() { [native code] } - 3:0:2022 | Info: Event Loaded: guildCreate"}
{"level":"info","message":"20:function getMinutes() { [native code] } - 3:0:2022 | Info: Event Loaded: message"}
{"level":"info","message":"20:function getMinutes() { [native code] } - 3:0:2022 | Info: Event Loaded: raw"}
{"level":"info","message":"20:function getMinutes() { [native code] } - 3:0:2022 | Info: Event Loaded: ready"}
{"level":"info","message":"20:function getMinutes() { [native code] } - 3:0:2022 | Info: Event Loaded: voiceStateUpdate"}
{"level":"info","message":"20:function getMinutes() { [native code] } - 3:0:2022 | Info: Successfully Logged in as hoals5932#4025"}
{"level":"info","message":"20:function getMinutes() { [native code] } - 3:0:2022 | Info: Registering slash commands for 920028729785352232"}
{"level":"info","message":"20:function getMinutes() { [native code] } - 3:0:2022 | Info: [Slash Command]: [POST] Guild 920028729785352232, Command: bassboost"}
{"level":"info","message":"20:function getMinutes() { [native code] } - 3:0:2022 | Info: [Slash Command]: [POST] Guild 920028729785352232, Command: bump"}
{"level":"info","message":"20:function getMinutes() { [native code] } - 3:0:2022 | Info: [Slash Command]: [POST] Guild 920028729785352232, Command: clear"}
{"level":"info","message":"20:function getMinutes() { [native code] } - 3:0:2022 | Info: [Slash Command]: [POST] Guild 920028729785352232, Command: config"}
{"level":"info","message":"20:function getMinutes() { [native code] } - 3:0:2022 | Info: [Slash Command]: [POST] Guild 920028729785352232, Command: disconnect"}
{"level":"info","message":"20:function getMinutes() { [native code] } - 3:0:2022 | Info: [Slash Command]: [POST] Guild 920028729785352232, Command: grab"}
{"level":"info","message":"20:function getMinutes() { [native code] } - 3:0:2022 | Info: [Slash Command]: [POST] Guild 920028729785352232, Command: help"}
{"level":"info","message":"20:function getMinutes() { [native code] } - 3:0:2022 | Info: [Slash Command]: [POST] Guild 920028729785352232, Command: invite"}
{"level":"info","message":"20:function getMinutes() { [native code] } - 3:0:2022 | Info: [Slash Command]: [POST] Guild 920028729785352232, Command: loop"}
{"level":"info","message":"20:function getMinutes() { [native code] } - 3:0:2022 | Info: [Slash Command]: [POST] Guild 920028729785352232, Command: loopqueue"}
{"level":"info","message":"20:function getMinutes() { [native code] } - 3:0:2022 | Info: [Slash Command]: [POST] Guild 920028729785352232, Command: lyrics"}
{"level":"info","message":"20:function getMinutes() { [native code] } - 3:0:2022 | Info: [Slash Command]: [POST] Guild 920028729785352232, Command: move"}
{"level":"info","message":"20:function getMinutes() { [native code] } - 3:0:2022 | Info: [Slash Command]: [POST] Guild 920028729785352232, Command: nowplaying"}
{"level":"info","message":"20:function getMinutes() { [native code] } - 3:0:2022 | Info: [Slash Command]: [POST] Guild 920028729785352232, Command: pause"}
{"level":"info","message":"20:function getMinutes() { [native code] } - 3:0:2022 | Info: [Slash Command]: [POST] Guild 920028729785352232, Command: play"}
{"level":"info","message":"20:function getMinutes() { [native code] } - 3:0:2022 | Info: [Slash Command]: [POST] Guild 920028729785352232, Command: queue"}
{"level":"info","message":"20:function getMinutes() { [native code] } - 3:0:2022 | Info: [Slash Command]: [POST] Guild 920028729785352232, Command: remove"}
{"level":"info","message":"20:function getMinutes() { [native code] } - 3:0:2022 | Info: [Slash Command]: [POST] Guild 920028729785352232, Command: resume"}
{"level":"info","message":"20:function getMinutes() { [native code] } - 3:0:2022 | Info: [Slash Command]: [POST] Guild 920028729785352232, Command: search"}
{"level":"info","message":"20:function getMinutes() { [native code] } - 3:0:2022 | Info: [Slash Command]: [POST] Guild 920028729785352232, Command: shuffle"}
{"level":"info","message":"20:function getMinutes() { [native code] } - 3:0:2022 | Info: [Slash Command]: [POST] Guild 920028729785352232, Command: skip"}
{"level":"info","message":"20:function getMinutes() { [native code] } - 3:0:2022 | Info: [Slash Command]: [POST] Guild 920028729785352232, Command: skipto"}
{"level":"info","message":"20:function getMinutes() { [native code] } - 3:0:2022 | Info: [Slash Command]: [POST] Guild 920028729785352232, Command: stats"}
{"level":"info","message":"20:function getMinutes() { [native code] } - 3:0:2022 | Info: [Slash Command]: [POST] Guild 920028729785352232, Command: volume"}
{"level":"info","message":"20:function getMinutes() { [native code] } - 3:0:2022 | Info: [Slash Command]: [POST] Guild 920028729785352232, Command: youtube"}
{"level":"info","message":"20:function getMinutes() { [native code] } - 3:0:2022 | Info: Lavalink: Node Main connected"}
{"level":"info","message":"20:function getMinutes() { [native code] } - 3:0:2022 | Info: Web Server has been started"}
{"level":"info","message":"20:function getMinutes() { [native code] } - 3:0:2022 | Info: Command Loaded: bassboost"}
{"level":"info","message":"20:function getMinutes() { [native code] } - 3:0:2022 | Info: Command Loaded: bump"}
{"level":"info","message":"20:function getMinutes() { [native code] } - 3:0:2022 | Info: Command Loaded: clear"}
{"level":"info","message":"20:function getMinutes() { [native code] } - 3:0:2022 | Info: Command Loaded: config"}
{"level":"info","message":"20:function getMinutes() { [native code] } - 3:0:2022 | Info: Command Loaded: disconnect"}
{"level":"info","message":"20:function getMinutes() { [native code] } - 3:0:2022 | Info: Command Loaded: grab"}
{"level":"info","message":"20:function getMinutes() { [native code] } - 3:0:2022 | Info: Command Loaded: help"}
{"level":"info","message":"20:function getMinutes() { [native code] } - 3:0:2022 | Info: Command Loaded: invite"}
{"level":"info","message":"20:function getMinutes() { [native code] } - 3:0:2022 | Info: Command Loaded: loop"}
{"level":"info","message":"20:function getMinutes() { [native code] } - 3:0:2022 | Info: Command Loaded: loopqueue"}
{"level":"info","message":"20:function getMinutes() { [native code] } - 3:0:2022 | Info: Command Loaded: lyrics"}
{"level":"info","message":"20:function getMinutes() { [native code] } - 3:0:2022 | Info: Command Loaded: move"}
{"level":"info","message":"20:function getMinutes() { [native code] } - 3:0:2022 | Info: Command Loaded: nowplaying"}
{"level":"info","message":"20:function getMinutes() { [native code] } - 3:0:2022 | Info: Command Loaded: pause"}
{"level":"info","message":"20:function getMinutes() { [native code] } - 3:0:2022 | Info: Command Loaded: play"}
{"level":"info","message":"20:function getMinutes() { [native code] } - 3:0:2022 | Info: Command Loaded: queue"}
{"level":"info","message":"20:function getMinutes() { [native code] } - 3:0:2022 | Info: Command Loaded: remove"}
{"level":"info","message":"20:function getMinutes() { [native code] } - 3:0:2022 | Info: Command Loaded: resume"}
{"level":"info","message":"20:function getMinutes() { [native code] } - 3:0:2022 | Info: Command Loaded: search"}
{"level":"info","message":"20:function getMinutes() { [native code] } - 3:0:2022 | Info: Command Loaded: seek"}
{"level":"info","message":"20:function getMinutes() { [native code] } - 3:0:2022 | Info: Command Loaded: shuffle"}
{"level":"info","message":"20:function getMinutes() { [native code] } - 3:0:2022 | Info: Command Loaded: skip"}
{"level":"info","message":"20:function getMinutes() { [native code] } - 3:0:2022 | Info: Command Loaded: skipto"}
{"level":"info","message":"20:function getMinutes() { [native code] } - 3:0:2022 | Info: Command Loaded: stats"}
{"level":"info","message":"20:function getMinutes() { [native code] } - 3:0:2022 | Info: Command Loaded: volume"}
{"level":"info","message":"20:function getMinutes() { [native code] } - 3:0:2022 | Info: Command Loaded: youtube"}
{"level":"info","message":"20:function getMinutes() { [native code] } - 3:0:2022 | Info: Event Loaded: guildCreate"}
{"level":"info","message":"20:function getMinutes() { [native code] } - 3:0:2022 | Info: Event Loaded: message"}
{"level":"info","message":"20:function getMinutes() { [native code] } - 3:0:2022 | Info: Event Loaded: raw"}
{"level":"info","message":"20:function getMinutes() { [native code] } - 3:0:2022 | Info: Event Loaded: ready"}
{"level":"info","message":"20:function getMinutes() { [native code] } - 3:0:2022 | Info: Event Loaded: voiceStateUpdate"}
{"level":"info","message":"20:function getMinutes() { [native code] } - 3:0:2022 | Info: Successfully Logged in as hoals5932#4025"}
{"level":"info","message":"20:function getMinutes() { [native code] } - 3:0:2022 | Info: Registering slash commands for 920028729785352232"}
{"level":"info","message":"20:function getMinutes() { [native code] } - 3:0:2022 | Info: [Slash Command]: [POST] Guild 920028729785352232, Command: bassboost"}
{"level":"info","message":"20:function getMinutes() { [native code] } - 3:0:2022 | Info: [Slash Command]: [POST] Guild 920028729785352232, Command: bump"}
{"level":"info","message":"20:function getMinutes() { [native code] } - 3:0:2022 | Info: [Slash Command]: [POST] Guild 920028729785352232, Command: clear"}
{"level":"info","message":"20:function getMinutes() { [native code] } - 3:0:2022 | Info: [Slash Command]: [POST] Guild 920028729785352232, Command: config"}
{"level":"info","message":"20:function getMinutes() { [native code] } - 3:0:2022 | Info: [Slash Command]: [POST] Guild 920028729785352232, Command: disconnect"}
{"level":"info","message":"20:function getMinutes() { [native code] } - 3:0:2022 | Info: [Slash Command]: [POST] Guild 920028729785352232, Command: grab"}
{"level":"info","message":"20:function getMinutes() { [native code] } - 3:0:2022 | Info: [Slash Command]: [POST] Guild 920028729785352232, Command: help"}
{"level":"info","message":"20:function getMinutes() { [native code] } - 3:0:2022 | Info: [Slash Command]: [POST] Guild 920028729785352232, Command: invite"}
{"level":"info","message":"20:function getMinutes() { [native code] } - 3:0:2022 | Info: [Slash Command]: [POST] Guild 920028729785352232, Command: loop"}
{"level":"info","message":"20:function getMinutes() { [native code] } - 3:0:2022 | Info: [Slash Command]: [POST] Guild 920028729785352232, Command: loopqueue"}
{"level":"info","message":"20:function getMinutes() { [native code] } - 3:0:2022 | Info: [Slash Command]: [POST] Guild 920028729785352232, Command: lyrics"}
{"level":"info","message":"20:function getMinutes() { [native code] } - 3:0:2022 | Info: [Slash Command]: [POST] Guild 920028729785352232, Command: move"}
{"level":"info","message":"20:function getMinutes() { [native code] } - 3:0:2022 | Info: [Slash Command]: [POST] Guild 920028729785352232, Command: nowplaying"}
{"level":"info","message":"20:function getMinutes() { [native code] } - 3:0:2022 | Info: [Slash Command]: [POST] Guild 920028729785352232, Command: pause"}
{"level":"info","message":"20:function getMinutes() { [native code] } - 3:0:2022 | Info: [Slash Command]: [POST] Guild 920028729785352232, Command: play"}
{"level":"info","message":"20:function getMinutes() { [native code] } - 3:0:2022 | Info: [Slash Command]: [POST] Guild 920028729785352232, Command: queue"}
{"level":"info","message":"20:function getMinutes() { [native code] } - 3:0:2022 | Info: [Slash Command]: [POST] Guild 920028729785352232, Command: remove"}
{"level":"info","message":"20:function getMinutes() { [native code] } - 3:0:2022 | Info: [Slash Command]: [POST] Guild 920028729785352232, Command: resume"}
{"level":"info","message":"20:function getMinutes() { [native code] } - 3:0:2022 | Info: [Slash Command]: [POST] Guild 920028729785352232, Command: search"}
{"level":"info","message":"20:function getMinutes() { [native code] } - 3:0:2022 | Info: [Slash Command]: [POST] Guild 920028729785352232, Command: shuffle"}
{"level":"info","message":"20:function getMinutes() { [native code] } - 3:0:2022 | Info: [Slash Command]: [POST] Guild 920028729785352232, Command: skip"}
{"level":"info","message":"20:function getMinutes() { [native code] } - 3:0:2022 | Info: [Slash Command]: [POST] Guild 920028729785352232, Command: skipto"}
{"level":"info","message":"20:function getMinutes() { [native code] } - 3:0:2022 | Info: [Slash Command]: [POST] Guild 920028729785352232, Command: stats"}
{"level":"info","message":"20:function getMinutes() { [native code] } - 3:0:2022 | Info: [Slash Command]: [POST] Guild 920028729785352232, Command: volume"}
{"level":"info","message":"20:function getMinutes() { [native code] } - 3:0:2022 | Info: [Slash Command]: [POST] Guild 920028729785352232, Command: youtube"}
{"level":"info","message":"20:function getMinutes() { [native code] } - 3:0:2022 | Info: Lavalink: Node Main connected"}
{"level":"info","message":"20:function getMinutes() { [native code] } - 3:0:2022 | Info: Web Server has been started"}
{"level":"info","message":"20:function getMinutes() { [native code] } - 3:0:2022 | Info: Command Loaded: bassboost"}
{"level":"info","message":"20:function getMinutes() { [native code] } - 3:0:2022 | Info: Command Loaded: bump"}
{"level":"info","message":"20:function getMinutes() { [native code] } - 3:0:2022 | Info: Command Loaded: clear"}
{"level":"info","message":"20:function getMinutes() { [native code] } - 3:0:2022 | Info: Command Loaded: config"}
{"level":"info","message":"20:function getMinutes() { [native code] } - 3:0:2022 | Info: Command Loaded: disconnect"}
{"level":"info","message":"20:function getMinutes() { [native code] } - 3:0:2022 | Info: Command Loaded: grab"}
{"level":"info","message":"20:function getMinutes() { [native code] } - 3:0:2022 | Info: Command Loaded: help"}
{"level":"info","message":"20:function getMinutes() { [native code] } - 3:0:2022 | Info: Command Loaded: invite"}
{"level":"info","message":"20:function getMinutes() { [native code] } - 3:0:2022 | Info: Command Loaded: loop"}
{"level":"info","message":"20:function getMinutes() { [native code] } - 3:0:2022 | Info: Command Loaded: loopqueue"}
{"level":"info","message":"20:function getMinutes() { [native code] } - 3:0:2022 | Info: Command Loaded: lyrics"}
{"level":"info","message":"20:function getMinutes() { [native code] } - 3:0:2022 | Info: Command Loaded: move"}
{"level":"info","message":"20:function getMinutes() { [native code] } - 3:0:2022 | Info: Command Loaded: nowplaying"}
{"level":"info","message":"20:function getMinutes() { [native code] } - 3:0:2022 | Info: Command Loaded: pause"}
{"level":"info","message":"20:function getMinutes() { [native code] } - 3:0:2022 | Info: Command Loaded: play"}
{"level":"info","message":"20:function getMinutes() { [native code] } - 3:0:2022 | Info: Command Loaded: queue"}
{"level":"info","message":"20:function getMinutes() { [native code] } - 3:0:2022 | Info: Command Loaded: remove"}
{"level":"info","message":"20:function getMinutes() { [native code] } - 3:0:2022 | Info: Command Loaded: resume"}
{"level":"info","message":"20:function getMinutes() { [native code] } - 3:0:2022 | Info: Command Loaded: search"}
{"level":"info","message":"20:function getMinutes() { [native code] } - 3:0:2022 | Info: Command Loaded: seek"}
{"level":"info","message":"20:function getMinutes() { [native code] } - 3:0:2022 | Info: Command Loaded: shuffle"}
{"level":"info","message":"20:function getMinutes() { [native code] } - 3:0:2022 | Info: Command Loaded: skip"}
{"level":"info","message":"20:function getMinutes() { [native code] } - 3:0:2022 | Info: Command Loaded: skipto"}
{"level":"info","message":"20:function getMinutes() { [native code] } - 3:0:2022 | Info: Command Loaded: stats"}
{"level":"info","message":"20:function getMinutes() { [native code] } - 3:0:2022 | Info: Command Loaded: volume"}
{"level":"info","message":"20:function getMinutes() { [native code] } - 3:0:2022 | Info: Command Loaded: youtube"}
{"level":"info","message":"20:function getMinutes() { [native code] } - 3:0:2022 | Info: Event Loaded: guildCreate"}
{"level":"info","message":"20:function getMinutes() { [native code] } - 3:0:2022 | Info: Event Loaded: message"}
{"level":"info","message":"20:function getMinutes() { [native code] } - 3:0:2022 | Info: Event Loaded: raw"}
{"level":"info","message":"20:function getMinutes() { [native code] } - 3:0:2022 | Info: Event Loaded: ready"}
{"level":"info","message":"20:function getMinutes() { [native code] } - 3:0:2022 | Info: Event Loaded: voiceStateUpdate"}
{"level":"info","message":"20:function getMinutes() { [native code] } - 3:0:2022 | Info: Successfully Logged in as hoals5932#4025"}
{"level":"info","message":"20:function getMinutes() { [native code] } - 3:0:2022 | Info: Registering slash commands for 920028729785352232"}
{"level":"info","message":"20:function getMinutes() { [native code] } - 3:0:2022 | Info: [Slash Command]: [POST] Guild 920028729785352232, Command: bassboost"}
{"level":"info","message":"20:function getMinutes() { [native code] } - 3:0:2022 | Info: [Slash Command]: [POST] Guild 920028729785352232, Command: bump"}
{"level":"info","message":"20:function getMinutes() { [native code] } - 3:0:2022 | Info: [Slash Command]: [POST] Guild 920028729785352232, Command: clear"}
{"level":"info","message":"20:function getMinutes() { [native code] } - 3:0:2022 | Info: [Slash Command]: [POST] Guild 920028729785352232, Command: config"}
{"level":"info","message":"20:function getMinutes() { [native code] } - 3:0:2022 | Info: [Slash Command]: [POST] Guild 920028729785352232, Command: stop"}
{"level":"info","message":"20:function getMinutes() { [native code] } - 3:0:2022 | Info: [Slash Command]: [POST] Guild 920028729785352232, Command: grab"}
{"level":"info","message":"20:function getMinutes() { [native code] } - 3:0:2022 | Info: [Slash Command]: [POST] Guild 920028729785352232, Command: help"}
{"level":"info","message":"20:function getMinutes() { [native code] } - 3:0:2022 | Info: [Slash Command]: [POST] Guild 920028729785352232, Command: invite"}
{"level":"info","message":"20:function getMinutes() { [native code] } - 3:0:2022 | Info: [Slash Command]: [POST] Guild 920028729785352232, Command: loop"}
{"level":"info","message":"20:function getMinutes() { [native code] } - 3:0:2022 | Info: [Slash Command]: [POST] Guild 920028729785352232, Command: loopqueue"}
{"level":"info","message":"20:function getMinutes() { [native code] } - 3:0:2022 | Info: [Slash Command]: [POST] Guild 920028729785352232, Command: lyrics"}
{"level":"info","message":"20:function getMinutes() { [native code] } - 3:0:2022 | Info: [Slash Command]: [POST] Guild 920028729785352232, Command: move"}
{"level":"info","message":"20:function getMinutes() { [native code] } - 3:0:2022 | Info: [Slash Command]: [POST] Guild 920028729785352232, Command: nowplaying"}
{"level":"info","message":"20:function getMinutes() { [native code] } - 3:0:2022 | Info: [Slash Command]: [POST] Guild 920028729785352232, Command: pause"}
{"level":"info","message":"20:function getMinutes() { [native code] } - 3:0:2022 | Info: [Slash Command]: [POST] Guild 920028729785352232, Command: play"}
{"level":"info","message":"20:function getMinutes() { [native code] } - 3:0:2022 | Info: [Slash Command]: [POST] Guild 920028729785352232, Command: queue"}
{"level":"info","message":"20:function getMinutes() { [native code] } - 3:0:2022 | Info: [Slash Command]: [POST] Guild 920028729785352232, Command: remove"}
{"level":"info","message":"20:function getMinutes() { [native code] } - 3:0:2022 | Info: [Slash Command]: [POST] Guild 920028729785352232, Command: resume"}
{"level":"info","message":"20:function getMinutes() { [native code] } - 3:0:2022 | Info: [Slash Command]: [POST] Guild 920028729785352232, Command: search"}
{"level":"info","message":"20:function getMinutes() { [native code] } - 3:0:2022 | Info: [Slash Command]: [POST] Guild 920028729785352232, Command: shuffle"}
{"level":"info","message":"20:function getMinutes() { [native code] } - 3:0:2022 | Info: [Slash Command]: [POST] Guild 920028729785352232, Command: skip"}
{"level":"info","message":"20:function getMinutes() { [native code] } - 3:0:2022 | Info: [Slash Command]: [POST] Guild 920028729785352232, Command: skipto"}
{"level":"info","message":"20:function getMinutes() { [native code] } - 3:0:2022 | Info: [Slash Command]: [POST] Guild 920028729785352232, Command: stats"}
{"level":"info","message":"20:function getMinutes() { [native code] } - 3:0:2022 | Info: [Slash Command]: [POST] Guild 920028729785352232, Command: volume"}
{"level":"info","message":"20:function getMinutes() { [native code] } - 3:0:2022 | Info: [Slash Command]: [POST] Guild 920028729785352232, Command: youtube"}
{"level":"info","message":"20:function getMinutes() { [native code] } - 3:0:2022 | Info: Lavalink: Node Main connected"}
{"level":"info","message":"23:function getMinutes() { [native code] } - 3:0:2022 | Info: Web Server has been started"}
{"level":"info","message":"23:function getMinutes() { [native code] } - 3:0:2022 | Info: Command Loaded: bassboost"}
{"level":"info","message":"23:function getMinutes() { [native code] } - 3:0:2022 | Info: Command Loaded: bump"}
{"level":"info","message":"23:function getMinutes() { [native code] } - 3:0:2022 | Info: Command Loaded: clear"}
{"level":"info","message":"23:function getMinutes() { [native code] } - 3:0:2022 | Info: Command Loaded: config"}
{"level":"info","message":"23:function getMinutes() { [native code] } - 3:0:2022 | Info: Command Loaded: disconnect"}
{"level":"info","message":"23:function getMinutes() { [native code] } - 3:0:2022 | Info: Command Loaded: grab"}
{"level":"info","message":"23:function getMinutes() { [native code] } - 3:0:2022 | Info: Command Loaded: help"}
{"level":"info","message":"23:function getMinutes() { [native code] } - 3:0:2022 | Info: Command Loaded: invite"}
{"level":"info","message":"23:function getMinutes() { [native code] } - 3:0:2022 | Info: Command Loaded: loop"}
{"level":"info","message":"23:function getMinutes() { [native code] } - 3:0:2022 | Info: Command Loaded: loopqueue"}
{"level":"info","message":"23:function getMinutes() { [native code] } - 3:0:2022 | Info: Command Loaded: lyrics"}
{"level":"info","message":"23:function getMinutes() { [native code] } - 3:0:2022 | Info: Command Loaded: move"}
{"level":"info","message":"23:function getMinutes() { [native code] } - 3:0:2022 | Info: Command Loaded: nowplaying"}
{"level":"info","message":"23:function getMinutes() { [native code] } - 3:0:2022 | Info: Command Loaded: pause"}
{"level":"info","message":"23:function getMinutes() { [native code] } - 3:0:2022 | Info: Command Loaded: play"}
{"level":"info","message":"23:function getMinutes() { [native code] } - 3:0:2022 | Info: Command Loaded: queue"}
{"level":"info","message":"23:function getMinutes() { [native code] } - 3:0:2022 | Info: Command Loaded: remove"}
{"level":"info","message":"23:function getMinutes() { [native code] } - 3:0:2022 | Info: Command Loaded: resume"}
{"level":"info","message":"23:function getMinutes() { [native code] } - 3:0:2022 | Info: Command Loaded: search"}
{"level":"info","message":"23:function getMinutes() { [native code] } - 3:0:2022 | Info: Command Loaded: seek"}
{"level":"info","message":"23:function getMinutes() { [native code] } - 3:0:2022 | Info: Command Loaded: shuffle"}
{"level":"info","message":"23:function getMinutes() { [native code] } - 3:0:2022 | Info: Command Loaded: skip"}
{"level":"info","message":"23:function getMinutes() { [native code] } - 3:0:2022 | Info: Command Loaded: skipto"}
{"level":"info","message":"23:function getMinutes() { [native code] } - 3:0:2022 | Info: Command Loaded: stats"}
{"level":"info","message":"23:function getMinutes() { [native code] } - 3:0:2022 | Info: Command Loaded: volume"}
{"level":"info","message":"23:function getMinutes() { [native code] } - 3:0:2022 | Info: Command Loaded: youtube"}
{"level":"info","message":"23:function getMinutes() { [native code] } - 3:0:2022 | Info: Event Loaded: guildCreate"}
{"level":"info","message":"23:function getMinutes() { [native code] } - 3:0:2022 | Info: Event Loaded: message"}
{"level":"info","message":"23:function getMinutes() { [native code] } - 3:0:2022 | Info: Event Loaded: raw"}
{"level":"info","message":"23:function getMinutes() { [native code] } - 3:0:2022 | Info: Event Loaded: ready"}
{"level":"info","message":"23:function getMinutes() { [native code] } - 3:0:2022 | Info: Event Loaded: voiceStateUpdate"}
{"level":"info","message":"23:function getMinutes() { [native code] } - 3:0:2022 | Info: Successfully Logged in as hoals5932#4025"}
{"level":"info","message":"23:function getMinutes() { [native code] } - 3:0:2022 | Info: Registering slash commands for 920028729785352232"}
{"level":"info","message":"23:function getMinutes() { [native code] } - 3:0:2022 | Info: [Slash Command]: [POST] Guild 920028729785352232, Command: bassboost"}
{"level":"info","message":"23:function getMinutes() { [native code] } - 3:0:2022 | Info: [Slash Command]: [POST] Guild 920028729785352232, Command: bump"}
{"level":"info","message":"23:function getMinutes() { [native code] } - 3:0:2022 | Info: [Slash Command]: [POST] Guild 920028729785352232, Command: clear"}
{"level":"info","message":"23:function getMinutes() { [native code] } - 3:0:2022 | Info: [Slash Command]: [POST] Guild 920028729785352232, Command: config"}
{"level":"info","message":"23:function getMinutes() { [native code] } - 3:0:2022 | Info: [Slash Command]: [POST] Guild 920028729785352232, Command: stop"}
{"level":"info","message":"23:function getMinutes() { [native code] } - 3:0:2022 | Info: [Slash Command]: [POST] Guild 920028729785352232, Command: grab"}
{"level":"info","message":"23:function getMinutes() { [native code] } - 3:0:2022 | Info: [Slash Command]: [POST] Guild 920028729785352232, Command: help"}
{"level":"info","message":"23:function getMinutes() { [native code] } - 3:0:2022 | Info: [Slash Command]: [POST] Guild 920028729785352232, Command: invite"}
{"level":"info","message":"23:function getMinutes() { [native code] } - 3:0:2022 | Info: [Slash Command]: [POST] Guild 920028729785352232, Command: loop"}
{"level":"info","message":"23:function getMinutes() { [native code] } - 3:0:2022 | Info: [Slash Command]: [POST] Guild 920028729785352232, Command: loopqueue"}
{"level":"info","message":"23:function getMinutes() { [native code] } - 3:0:2022 | Info: [Slash Command]: [POST] Guild 920028729785352232, Command: lyrics"}
{"level":"info","message":"23:function getMinutes() { [native code] } - 3:0:2022 | Info: [Slash Command]: [POST] Guild 920028729785352232, Command: move"}
{"level":"info","message":"23:function getMinutes() { [native code] } - 3:0:2022 | Info: [Slash Command]: [POST] Guild 920028729785352232, Command: nowplaying"}
{"level":"info","message":"23:function getMinutes() { [native code] } - 3:0:2022 | Info: [Slash Command]: [POST] Guild 920028729785352232, Command: pause"}
{"level":"info","message":"23:function getMinutes() { [native code] } - 3:0:2022 | Info: [Slash Command]: [POST] Guild 920028729785352232, Command: play"}
{"level":"info","message":"23:function getMinutes() { [native code] } - 3:0:2022 | Info: [Slash Command]: [POST] Guild 920028729785352232, Command: queue"}
{"level":"info","message":"23:function getMinutes() { [native code] } - 3:0:2022 | Info: [Slash Command]: [POST] Guild 920028729785352232, Command: remove"}
{"level":"info","message":"23:function getMinutes() { [native code] } - 3:0:2022 | Info: [Slash Command]: [POST] Guild 920028729785352232, Command: resume"}
{"level":"info","message":"23:function getMinutes() { [native code] } - 3:0:2022 | Info: [Slash Command]: [POST] Guild 920028729785352232, Command: search"}
{"level":"info","message":"23:function getMinutes() { [native code] } - 3:0:2022 | Info: [Slash Command]: [POST] Guild 920028729785352232, Command: shuffle"}
{"level":"info","message":"23:function getMinutes() { [native code] } - 3:0:2022 | Info: [Slash Command]: [POST] Guild 920028729785352232, Command: skip"}
{"level":"info","message":"23:function getMinutes() { [native code] } - 3:0:2022 | Info: [Slash Command]: [POST] Guild 920028729785352232, Command: skipto"}
{"level":"info","message":"23:function getMinutes() { [native code] } - 3:0:2022 | Info: [Slash Command]: [POST] Guild 920028729785352232, Command: stats"}
{"level":"info","message":"23:function getMinutes() { [native code] } - 3:0:2022 | Info: [Slash Command]: [POST] Guild 920028729785352232, Command: volume"}
{"level":"info","message":"23:function getMinutes() { [native code] } - 3:0:2022 | Info: [Slash Command]: [POST] Guild 920028729785352232, Command: youtube"}
{"level":"info","message":"23:function getMinutes() { [native code] } - 3:0:2022 | Info: Lavalink: Node Main connected"}
{"level":"info","message":"23:function getMinutes() { [native code] } - 3:0:2022 | Info: Web Server has been started"}
{"level":"info","message":"23:function getMinutes() { [native code] } - 3:0:2022 | Info: Command Loaded: bassboost"}
{"level":"info","message":"23:function getMinutes() { [native code] } - 3:0:2022 | Info: Command Loaded: bump"}
{"level":"info","message":"23:function getMinutes() { [native code] } - 3:0:2022 | Info: Command Loaded: clear"}
{"level":"info","message":"23:function getMinutes() { [native code] } - 3:0:2022 | Info: Command Loaded: config"}
{"level":"info","message":"23:function getMinutes() { [native code] } - 3:0:2022 | Info: Command Loaded: disconnect"}
{"level":"info","message":"23:function getMinutes() { [native code] } - 3:0:2022 | Info: Command Loaded: grab"}
{"level":"info","message":"23:function getMinutes() { [native code] } - 3:0:2022 | Info: Command Loaded: help"}
{"level":"info","message":"23:function getMinutes() { [native code] } - 3:0:2022 | Info: Command Loaded: invite"}
{"level":"info","message":"23:function getMinutes() { [native code] } - 3:0:2022 | Info: Command Loaded: loop"}
{"level":"info","message":"23:function getMinutes() { [native code] } - 3:0:2022 | Info: Command Loaded: loopqueue"}
{"level":"info","message":"23:function getMinutes() { [native code] } - 3:0:2022 | Info: Command Loaded: lyrics"}
{"level":"info","message":"23:function getMinutes() { [native code] } - 3:0:2022 | Info: Command Loaded: move"}
{"level":"info","message":"23:function getMinutes() { [native code] } - 3:0:2022 | Info: Command Loaded: nowplaying"}
{"level":"info","message":"23:function getMinutes() { [native code] } - 3:0:2022 | Info: Command Loaded: pause"}
{"level":"info","message":"23:function getMinutes() { [native code] } - 3:0:2022 | Info: Command Loaded: play"}
{"level":"info","message":"23:function getMinutes() { [native code] } - 3:0:2022 | Info: Command Loaded: queue"}
{"level":"info","message":"23:function getMinutes() { [native code] } - 3:0:2022 | Info: Command Loaded: remove"}
{"level":"info","message":"23:function getMinutes() { [native code] } - 3:0:2022 | Info: Command Loaded: resume"}
{"level":"info","message":"23:function getMinutes() { [native code] } - 3:0:2022 | Info: Command Loaded: search"}
{"level":"info","message":"23:function getMinutes() { [native code] } - 3:0:2022 | Info: Command Loaded: seek"}
{"level":"info","message":"23:function getMinutes() { [native code] } - 3:0:2022 | Info: Command Loaded: shuffle"}
{"level":"info","message":"23:function getMinutes() { [native code] } - 3:0:2022 | Info: Command Loaded: skip"}
{"level":"info","message":"23:function getMinutes() { [native code] } - 3:0:2022 | Info: Command Loaded: skipto"}
{"level":"info","message":"23:function getMinutes() { [native code] } - 3:0:2022 | Info: Command Loaded: stats"}
{"level":"info","message":"23:function getMinutes() { [native code] } - 3:0:2022 | Info: Command Loaded: volume"}
{"level":"info","message":"23:function getMinutes() { [native code] } - 3:0:2022 | Info: Command Loaded: youtube"}
{"level":"info","message":"23:function getMinutes() { [native code] } - 3:0:2022 | Info: Event Loaded: guildCreate"}
{"level":"info","message":"23:function getMinutes() { [native code] } - 3:0:2022 | Info: Event Loaded: message"}
{"level":"info","message":"23:function getMinutes() { [native code] } - 3:0:2022 | Info: Event Loaded: raw"}
{"level":"info","message":"23:function getMinutes() { [native code] } - 3:0:2022 | Info: Event Loaded: ready"}
{"level":"info","message":"23:function getMinutes() { [native code] } - 3:0:2022 | Info: Event Loaded: voiceStateUpdate"}
{"level":"info","message":"23:function getMinutes() { [native code] } - 3:0:2022 | Info: Successfully Logged in as hoals5932#4025"}
{"level":"info","message":"23:function getMinutes() { [native code] } - 3:0:2022 | Info: Registering slash commands for 920028729785352232"}
{"level":"info","message":"23:function getMinutes() { [native code] } - 3:0:2022 | Info: [Slash Command]: [POST] Guild 920028729785352232, Command: bassboost"}
{"level":"info","message":"23:function getMinutes() { [native code] } - 3:0:2022 | Info: [Slash Command]: [POST] Guild 920028729785352232, Command: bump"}
{"level":"info","message":"23:function getMinutes() { [native code] } - 3:0:2022 | Info: [Slash Command]: [POST] Guild 920028729785352232, Command: clear"}
{"level":"info","message":"23:function getMinutes() { [native code] } - 3:0:2022 | Info: [Slash Command]: [POST] Guild 920028729785352232, Command: config"}
{"level":"info","message":"23:function getMinutes() { [native code] } - 3:0:2022 | Info: [Slash Command]: [POST] Guild 920028729785352232, Command: stop"}
{"level":"info","message":"23:function getMinutes() { [native code] } - 3:0:2022 | Info: [Slash Command]: [POST] Guild 920028729785352232, Command: grab"}
{"level":"info","message":"23:function getMinutes() { [native code] } - 3:0:2022 | Info: [Slash Command]: [POST] Guild 920028729785352232, Command: help"}
{"level":"info","message":"23:function getMinutes() { [native code] } - 3:0:2022 | Info: [Slash Command]: [POST] Guild 920028729785352232, Command: invite"}
{"level":"info","message":"23:function getMinutes() { [native code] } - 3:0:2022 | Info: [Slash Command]: [POST] Guild 920028729785352232, Command: loop"}
{"level":"info","message":"23:function getMinutes() { [native code] } - 3:0:2022 | Info: [Slash Command]: [POST] Guild 920028729785352232, Command: loopqueue"}
{"level":"info","message":"23:function getMinutes() { [native code] } - 3:0:2022 | Info: [Slash Command]: [POST] Guild 920028729785352232, Command: lyrics"}
{"level":"info","message":"23:function getMinutes() { [native code] } - 3:0:2022 | Info: [Slash Command]: [POST] Guild 920028729785352232, Command: move"}
{"level":"info","message":"23:function getMinutes() { [native code] } - 3:0:2022 | Info: [Slash Command]: [POST] Guild 920028729785352232, Command: nowplaying"}
{"level":"info","message":"23:function getMinutes() { [native code] } - 3:0:2022 | Info: [Slash Command]: [POST] Guild 920028729785352232, Command: pause"}
{"level":"info","message":"23:function getMinutes() { [native code] } - 3:0:2022 | Info: [Slash Command]: [POST] Guild 920028729785352232, Command: play"}
{"level":"info","message":"23:function getMinutes() { [native code] } - 3:0:2022 | Info: [Slash Command]: [POST] Guild 920028729785352232, Command: queue"}
{"level":"info","message":"23:function getMinutes() { [native code] } - 3:0:2022 | Info: [Slash Command]: [POST] Guild 920028729785352232, Command: remove"}
{"level":"info","message":"23:function getMinutes() { [native code] } - 3:0:2022 | Info: [Slash Command]: [POST] Guild 920028729785352232, Command: resume"}
{"level":"info","message":"23:function getMinutes() { [native code] } - 3:0:2022 | Info: [Slash Command]: [POST] Guild 920028729785352232, Command: search"}
{"level":"info","message":"23:function getMinutes() { [native code] } - 3:0:2022 | Info: [Slash Command]: [POST] Guild 920028729785352232, Command: shuffle"}
{"level":"info","message":"23:function getMinutes() { [native code] } - 3:0:2022 | Info: [Slash Command]: [POST] Guild 920028729785352232, Command: skip"}
{"level":"info","message":"23:function getMinutes() { [native code] } - 3:0:2022 | Info: [Slash Command]: [POST] Guild 920028729785352232, Command: skipto"}
{"level":"info","message":"23:function getMinutes() { [native code] } - 3:0:2022 | Info: [Slash Command]: [POST] Guild 920028729785352232, Command: stats"}
{"level":"info","message":"23:function getMinutes() { [native code] } - 3:0:2022 | Info: [Slash Command]: [POST] Guild 920028729785352232, Command: volume"}
{"level":"info","message":"23:function getMinutes() { [native code] } - 3:0:2022 | Info: [Slash Command]: [POST] Guild 920028729785352232, Command: youtube"}
{"level":"info","message":"23:function getMinutes() { [native code] } - 3:0:2022 | Info: Lavalink: Node Main connected"}
{"level":"info","message":"23:function getMinutes() { [native code] } - 3:0:2022 | Info: Web Server has been started"}
{"level":"info","message":"23:function getMinutes() { [native code] } - 3:0:2022 | Info: Command Loaded: bassboost"}
{"level":"info","message":"23:function getMinutes() { [native code] } - 3:0:2022 | Info: Command Loaded: bump"}
{"level":"info","message":"23:function getMinutes() { [native code] } - 3:0:2022 | Info: Command Loaded: clear"}
{"level":"info","message":"23:function getMinutes() { [native code] } - 3:0:2022 | Info: Command Loaded: config"}
{"level":"info","message":"23:function getMinutes() { [native code] } - 3:0:2022 | Info: Command Loaded: disconnect"}
{"level":"info","message":"23:function getMinutes() { [native code] } - 3:0:2022 | Info: Command Loaded: grab"}
{"level":"info","message":"23:function getMinutes() { [native code] } - 3:0:2022 | Info: Command Loaded: help"}
{"level":"info","message":"23:function getMinutes() { [native code] } - 3:0:2022 | Info: Command Loaded: invite"}
{"level":"info","message":"23:function getMinutes() { [native code] } - 3:0:2022 | Info: Command Loaded: loop"}
{"level":"info","message":"23:function getMinutes() { [native code] } - 3:0:2022 | Info: Command Loaded: loopqueue"}
{"level":"info","message":"23:function getMinutes() { [native code] } - 3:0:2022 | Info: Command Loaded: lyrics"}
{"level":"info","message":"23:function getMinutes() { [native code] } - 3:0:2022 | Info: Command Loaded: move"}
{"level":"info","message":"23:function getMinutes() { [native code] } - 3:0:2022 | Info: Command Loaded: nowplaying"}
{"level":"info","message":"23:function getMinutes() { [native code] } - 3:0:2022 | Info: Command Loaded: pause"}
{"level":"info","message":"23:function getMinutes() { [native code] } - 3:0:2022 | Info: Command Loaded: play"}
{"level":"info","message":"23:function getMinutes() { [native code] } - 3:0:2022 | Info: Command Loaded: queue"}
{"level":"info","message":"23:function getMinutes() { [native code] } - 3:0:2022 | Info: Command Loaded: remove"}
{"level":"info","message":"23:function getMinutes() { [native code] } - 3:0:2022 | Info: Command Loaded: resume"}
{"level":"info","message":"23:function getMinutes() { [native code] } - 3:0:2022 | Info: Command Loaded: search"}
{"level":"info","message":"23:function getMinutes() { [native code] } - 3:0:2022 | Info: Command Loaded: seek"}
{"level":"info","message":"23:function getMinutes() { [native code] } - 3:0:2022 | Info: Command Loaded: shuffle"}
{"level":"info","message":"23:function getMinutes() { [native code] } - 3:0:2022 | Info: Command Loaded: skip"}
{"level":"info","message":"23:function getMinutes() { [native code] } - 3:0:2022 | Info: Command Loaded: skipto"}
{"level":"info","message":"23:function getMinutes() { [native code] } - 3:0:2022 | Info: Command Loaded: stats"}
{"level":"info","message":"23:function getMinutes() { [native code] } - 3:0:2022 | Info: Command Loaded: volume"}
{"level":"info","message":"23:function getMinutes() { [native code] } - 3:0:2022 | Info: Command Loaded: youtube"}
{"level":"info","message":"23:function getMinutes() { [native code] } - 3:0:2022 | Info: Event Loaded: guildCreate"}
{"level":"info","message":"23:function getMinutes() { [native code] } - 3:0:2022 | Info: Event Loaded: message"}
{"level":"info","message":"23:function getMinutes() { [native code] } - 3:0:2022 | Info: Event Loaded: raw"}
{"level":"info","message":"23:function getMinutes() { [native code] } - 3:0:2022 | Info: Event Loaded: ready"}
{"level":"info","message":"23:function getMinutes() { [native code] } - 3:0:2022 | Info: Event Loaded: voiceStateUpdate"}
{"level":"info","message":"23:function getMinutes() { [native code] } - 3:0:2022 | Info: Successfully Logged in as United shrek#5700"}
{"level":"info","message":"23:function getMinutes() { [native code] } - 3:0:2022 | Info: Registering slash commands for 920028729785352232"}
{"level":"info","message":"23:function getMinutes() { [native code] } - 3:0:2022 | Info: [Slash Command]: [POST] Guild 920028729785352232, Command: bassboost"}
{"level":"info","message":"23:function getMinutes() { [native code] } - 3:0:2022 | Info: [Slash Command]: [POST] Guild 920028729785352232, Command: bump"}
{"level":"info","message":"23:function getMinutes() { [native code] } - 3:0:2022 | Info: [Slash Command]: [POST] Guild 920028729785352232, Command: clear"}
{"level":"info","message":"23:function getMinutes() { [native code] } - 3:0:2022 | Info: [Slash Command]: [POST] Guild 920028729785352232, Command: config"}
{"level":"info","message":"23:function getMinutes() { [native code] } - 3:0:2022 | Info: [Slash Command]: [POST] Guild 920028729785352232, Command: stop"}
{"level":"info","message":"23:function getMinutes() { [native code] } - 3:0:2022 | Info: [Slash Command]: [POST] Guild 920028729785352232, Command: grab"}
{"level":"info","message":"23:function getMinutes() { [native code] } - 3:0:2022 | Info: [Slash Command]: [POST] Guild 920028729785352232, Command: help"}
{"level":"info","message":"23:function getMinutes() { [native code] } - 3:0:2022 | Info: [Slash Command]: [POST] Guild 920028729785352232, Command: invite"}
{"level":"info","message":"23:function getMinutes() { [native code] } - 3:0:2022 | Info: [Slash Command]: [POST] Guild 920028729785352232, Command: loop"}
{"level":"info","message":"23:function getMinutes() { [native code] } - 3:0:2022 | Info: [Slash Command]: [POST] Guild 920028729785352232, Command: loopqueue"}
{"level":"info","message":"23:function getMinutes() { [native code] } - 3:0:2022 | Info: [Slash Command]: [POST] Guild 920028729785352232, Command: lyrics"}
{"level":"info","message":"23:function getMinutes() { [native code] } - 3:0:2022 | Info: [Slash Command]: [POST] Guild 920028729785352232, Command: move"}
{"level":"info","message":"23:function getMinutes() { [native code] } - 3:0:2022 | Info: [Slash Command]: [POST] Guild 920028729785352232, Command: nowplaying"}
{"level":"info","message":"23:function getMinutes() { [native code] } - 3:0:2022 | Info: [Slash Command]: [POST] Guild 920028729785352232, Command: pause"}
{"level":"info","message":"23:function getMinutes() { [native code] } - 3:0:2022 | Info: [Slash Command]: [POST] Guild 920028729785352232, Command: play"}
{"level":"info","message":"23:function getMinutes() { [native code] } - 3:0:2022 | Info: [Slash Command]: [POST] Guild 920028729785352232, Command: queue"}
{"level":"info","message":"23:function getMinutes() { [native code] } - 3:0:2022 | Info: [Slash Command]: [POST] Guild 920028729785352232, Command: remove"}
{"level":"info","message":"23:function getMinutes() { [native code] } - 3:0:2022 | Info: [Slash Command]: [POST] Guild 920028729785352232, Command: resume"}
{"level":"info","message":"23:function getMinutes() { [native code] } - 3:0:2022 | Info: [Slash Command]: [POST] Guild 920028729785352232, Command: search"}
{"level":"info","message":"23:function getMinutes() { [native code] } - 3:0:2022 | Info: [Slash Command]: [POST] Guild 920028729785352232, Command: shuffle"}
{"level":"info","message":"23:function getMinutes() { [native code] } - 3:0:2022 | Info: [Slash Command]: [POST] Guild 920028729785352232, Command: skip"}
{"level":"info","message":"23:function getMinutes() { [native code] } - 3:0:2022 | Info: [Slash Command]: [POST] Guild 920028729785352232, Command: skipto"}
{"level":"info","message":"23:function getMinutes() { [native code] } - 3:0:2022 | Info: [Slash Command]: [POST] Guild 920028729785352232, Command: stats"}
{"level":"info","message":"23:function getMinutes() { [native code] } - 3:0:2022 | Info: [Slash Command]: [POST] Guild 920028729785352232, Command: volume"}
{"level":"info","message":"23:function getMinutes() { [native code] } - 3:0:2022 | Info: [Slash Command]: [POST] Guild 920028729785352232, Command: youtube"}
{"level":"info","message":"23:function getMinutes() { [native code] } - 3:0:2022 | Info: Lavalink: Node Main connected"}
{"level":"info","message":"23:function getMinutes() { [native code] } - 3:0:2022 | Info: Web Server has been started"}
{"level":"info","message":"23:function getMinutes() { [native code] } - 3:0:2022 | Info: Command Loaded: bassboost"}
{"level":"info","message":"23:function getMinutes() { [native code] } - 3:0:2022 | Info: Command Loaded: bump"}
{"level":"info","message":"23:function getMinutes() { [native code] } - 3:0:2022 | Info: Command Loaded: clear"}
{"level":"info","message":"23:function getMinutes() { [native code] } - 3:0:2022 | Info: Command Loaded: config"}
{"level":"info","message":"23:function getMinutes() { [native code] } - 3:0:2022 | Info: Command Loaded: disconnect"}
{"level":"info","message":"23:function getMinutes() { [native code] } - 3:0:2022 | Info: Command Loaded: grab"}
{"level":"info","message":"23:function getMinutes() { [native code] } - 3:0:2022 | Info: Command Loaded: help"}
{"level":"info","message":"23:function getMinutes() { [native code] } - 3:0:2022 | Info: Command Loaded: invite"}
{"level":"info","message":"23:function getMinutes() { [native code] } - 3:0:2022 | Info: Command Loaded: loop"}
{"level":"info","message":"23:function getMinutes() { [native code] } - 3:0:2022 | Info: Command Loaded: loopqueue"}
{"level":"info","message":"23:function getMinutes() { [native code] } - 3:0:2022 | Info: Command Loaded: lyrics"}
{"level":"info","message":"23:function getMinutes() { [native code] } - 3:0:2022 | Info: Command Loaded: move"}
{"level":"info","message":"23:function getMinutes() { [native code] } - 3:0:2022 | Info: Command Loaded: nowplaying"}
{"level":"info","message":"23:function getMinutes() { [native code] } - 3:0:2022 | Info: Command Loaded: pause"}
{"level":"info","message":"23:function getMinutes() { [native code] } - 3:0:2022 | Info: Command Loaded: play"}
{"level":"info","message":"23:function getMinutes() { [native code] } - 3:0:2022 | Info: Command Loaded: queue"}
{"level":"info","message":"23:function getMinutes() { [native code] } - 3:0:2022 | Info: Command Loaded: remove"}
{"level":"info","message":"23:function getMinutes() { [native code] } - 3:0:2022 | Info: Command Loaded: resume"}
{"level":"info","message":"23:function getMinutes() { [native code] } - 3:0:2022 | Info: Command Loaded: search"}
{"level":"info","message":"23:function getMinutes() { [native code] } - 3:0:2022 | Info: Command Loaded: seek"}
{"level":"info","message":"23:function getMinutes() { [native code] } - 3:0:2022 | Info: Command Loaded: shuffle"}
{"level":"info","message":"23:function getMinutes() { [native code] } - 3:0:2022 | Info: Command Loaded: skip"}
{"level":"info","message":"23:function getMinutes() { [native code] } - 3:0:2022 | Info: Command Loaded: skipto"}
{"level":"info","message":"23:function getMinutes() { [native code] } - 3:0:2022 | Info: Command Loaded: stats"}
{"level":"info","message":"23:function getMinutes() { [native code] } - 3:0:2022 | Info: Command Loaded: volume"}
{"level":"info","message":"23:function getMinutes() { [native code] } - 3:0:2022 | Info: Command Loaded: youtube"}
{"level":"info","message":"23:function getMinutes() { [native code] } - 3:0:2022 | Info: Event Loaded: guildCreate"}
{"level":"info","message":"23:function getMinutes() { [native code] } - 3:0:2022 | Info: Event Loaded: message"}
{"level":"info","message":"23:function getMinutes() { [native code] } - 3:0:2022 | Info: Event Loaded: raw"}
{"level":"info","message":"23:function getMinutes() { [native code] } - 3:0:2022 | Info: Event Loaded: ready"}
{"level":"info","message":"23:function getMinutes() { [native code] } - 3:0:2022 | Info: Event Loaded: voiceStateUpdate"}
{"level":"info","message":"23:function getMinutes() { [native code] } - 3:0:2022 | Info: Successfully Logged in as United shrek#5700"}
{"level":"info","message":"23:function getMinutes() { [native code] } - 3:0:2022 | Info: Registering slash commands for 920028729785352232"}
{"level":"info","message":"23:function getMinutes() { [native code] } - 3:0:2022 | Info: [Slash Command]: [POST] Guild 920028729785352232, Command: bassboost"}
{"level":"info","message":"23:function getMinutes() { [native code] } - 3:0:2022 | Info: [Slash Command]: [POST] Guild 920028729785352232, Command: bump"}
{"level":"info","message":"23:function getMinutes() { [native code] } - 3:0:2022 | Info: [Slash Command]: [POST] Guild 920028729785352232, Command: clear"}
{"level":"info","message":"23:function getMinutes() { [native code] } - 3:0:2022 | Info: [Slash Command]: [POST] Guild 920028729785352232, Command: config"}
{"level":"info","message":"23:function getMinutes() { [native code] } - 3:0:2022 | Info: [Slash Command]: [POST] Guild 920028729785352232, Command: stop"}
{"level":"info","message":"23:function getMinutes() { [native code] } - 3:0:2022 | Info: [Slash Command]: [POST] Guild 920028729785352232, Command: grab"}
{"level":"info","message":"23:function getMinutes() { [native code] } - 3:0:2022 | Info: [Slash Command]: [POST] Guild 920028729785352232, Command: help"}
{"level":"info","message":"23:function getMinutes() { [native code] } - 3:0:2022 | Info: [Slash Command]: [POST] Guild 920028729785352232, Command: invite"}
{"level":"info","message":"23:function getMinutes() { [native code] } - 3:0:2022 | Info: [Slash Command]: [POST] Guild 920028729785352232, Command: loop"}
{"level":"info","message":"23:function getMinutes() { [native code] } - 3:0:2022 | Info: [Slash Command]: [POST] Guild 920028729785352232, Command: loopqueue"}
{"level":"info","message":"23:function getMinutes() { [native code] } - 3:0:2022 | Info: [Slash Command]: [POST] Guild 920028729785352232, Command: lyrics"}
{"level":"info","message":"23:function getMinutes() { [native code] } - 3:0:2022 | Info: [Slash Command]: [POST] Guild 920028729785352232, Command: move"}
{"level":"info","message":"23:function getMinutes() { [native code] } - 3:0:2022 | Info: [Slash Command]: [POST] Guild 920028729785352232, Command: nowplaying"}
{"level":"info","message":"23:function getMinutes() { [native code] } - 3:0:2022 | Info: [Slash Command]: [POST] Guild 920028729785352232, Command: pause"}
{"level":"info","message":"23:function getMinutes() { [native code] } - 3:0:2022 | Info: [Slash Command]: [POST] Guild 920028729785352232, Command: play"}
{"level":"info","message":"23:function getMinutes() { [native code] } - 3:0:2022 | Info: [Slash Command]: [POST] Guild 920028729785352232, Command: queue"}
{"level":"info","message":"23:function getMinutes() { [native code] } - 3:0:2022 | Info: [Slash Command]: [POST] Guild 920028729785352232, Command: remove"}
{"level":"info","message":"23:function getMinutes() { [native code] } - 3:0:2022 | Info: [Slash Command]: [POST] Guild 920028729785352232, Command: resume"}
{"level":"info","message":"23:function getMinutes() { [native code] } - 3:0:2022 | Info: [Slash Command]: [POST] Guild 920028729785352232, Command: search"}
{"level":"info","message":"23:function getMinutes() { [native code] } - 3:0:2022 | Info: [Slash Command]: [POST] Guild 920028729785352232, Command: shuffle"}
{"level":"info","message":"23:function getMinutes() { [native code] } - 3:0:2022 | Info: [Slash Command]: [POST] Guild 920028729785352232, Command: skip"}
{"level":"info","message":"23:function getMinutes() { [native code] } - 3:0:2022 | Info: [Slash Command]: [POST] Guild 920028729785352232, Command: skipto"}
{"level":"info","message":"23:function getMinutes() { [native code] } - 3:0:2022 | Info: [Slash Command]: [POST] Guild 920028729785352232, Command: stats"}
{"level":"info","message":"23:function getMinutes() { [native code] } - 3:0:2022 | Info: [Slash Command]: [POST] Guild 920028729785352232, Command: volume"}
{"level":"info","message":"23:function getMinutes() { [native code] } - 3:0:2022 | Info: [Slash Command]: [POST] Guild 920028729785352232, Command: youtube"}
{"level":"info","message":"23:function getMinutes() { [native code] } - 3:0:2022 | Info: Lavalink: Node Main connected"}
